<?xml version="1.0" encoding="UTF-8"?>
<robot generator="Robot 4.0.3 (Python 3.9.5 on win32)" generated="20210611 17:14:18.419" rpa="false" schemaversion="2">
<suite id="s1" name="TC001 DataDriven" source="C:\developement\Robot Framework\RobotFrameworkBasics\DataDrivenTestingTC\TC001_DataDriven.robot">
<test id="s1-t1" name="Robot First Testcase">
<kw name="Open Browser" library="SeleniumLibrary">
<arg>${URL}</arg>
<arg>${Browser}</arg>
<doc>Opens a new browser instance to the optional ``url``.</doc>
<msg timestamp="20210611 17:14:19.903" level="INFO">Opening browser 'Chrome' to base url 'https://thetestingworld.com'.</msg>
<status status="PASS" starttime="20210611 17:14:19.902" endtime="20210611 17:14:30.935"/>
</kw>
<kw name="Maximize Browser Window" library="SeleniumLibrary">
<doc>Maximizes current browser window.</doc>
<status status="PASS" starttime="20210611 17:14:30.936" endtime="20210611 17:14:33.055"/>
</kw>
<kw name="Click Element" library="SeleniumLibrary">
<arg>xpath://a[text()='Login']</arg>
<doc>Click the element identified by ``locator``.</doc>
<msg timestamp="20210611 17:14:33.056" level="INFO">Clicking element 'xpath://a[text()='Login']'.</msg>
<status status="PASS" starttime="20210611 17:14:33.055" endtime="20210611 17:14:34.695"/>
</kw>
<kw name="Read Number of rows" library="UserKeywords">
<var>${totalrows}</var>
<arg>Sheet1</arg>
<kw name="Fetch No Of Rows" library="ReadData">
<var>${maxr}</var>
<arg>${Sheetname}</arg>
<msg timestamp="20210611 17:14:34.697" level="INFO">${maxr} = 4</msg>
<status status="PASS" starttime="20210611 17:14:34.696" endtime="20210611 17:14:34.697"/>
</kw>
<msg timestamp="20210611 17:14:34.697" level="INFO">${totalrows} = 4</msg>
<status status="PASS" starttime="20210611 17:14:34.696" endtime="20210611 17:14:34.697"/>
</kw>
<for flavor="IN RANGE">
<var>${i}</var>
<value>1</value>
<value>${totalrows}+1</value>
<iter>
<var name="${i}">1</var>
<kw name="Read Excel Data of Cell" library="UserKeywords">
<var>${username}</var>
<arg>Sheet1</arg>
<arg>${i}</arg>
<arg>1</arg>
<kw name="Fetch No Of Cell" library="ReadData">
<var>${celldata}</var>
<arg>${Sheetname}</arg>
<arg>${row}</arg>
<arg>${cell}</arg>
<msg timestamp="20210611 17:14:34.700" level="INFO">${celldata} = user1</msg>
<status status="PASS" starttime="20210611 17:14:34.699" endtime="20210611 17:14:34.700"/>
</kw>
<msg timestamp="20210611 17:14:34.700" level="INFO">${username} = user1</msg>
<status status="PASS" starttime="20210611 17:14:34.698" endtime="20210611 17:14:34.700"/>
</kw>
<kw name="Read Excel Data of Cell" library="UserKeywords">
<var>${Password}</var>
<arg>Sheet1</arg>
<arg>${i}</arg>
<arg>2</arg>
<kw name="Fetch No Of Cell" library="ReadData">
<var>${celldata}</var>
<arg>${Sheetname}</arg>
<arg>${row}</arg>
<arg>${cell}</arg>
<msg timestamp="20210611 17:14:34.701" level="INFO">${celldata} = pass1</msg>
<status status="PASS" starttime="20210611 17:14:34.701" endtime="20210611 17:14:34.701"/>
</kw>
<msg timestamp="20210611 17:14:34.701" level="INFO">${Password} = pass1</msg>
<status status="PASS" starttime="20210611 17:14:34.700" endtime="20210611 17:14:34.702"/>
</kw>
<kw name="Input Text" library="SeleniumLibrary">
<arg>name:username</arg>
<arg>${username}</arg>
<doc>Types the given ``text`` into the text field identified by ``locator``.</doc>
<msg timestamp="20210611 17:14:34.702" level="INFO">Typing text 'user1' into text field 'name:username'.</msg>
<status status="PASS" starttime="20210611 17:14:34.702" endtime="20210611 17:14:34.758"/>
</kw>
<kw name="Input Text" library="SeleniumLibrary">
<arg>name:password</arg>
<arg>${Password}</arg>
<doc>Types the given ``text`` into the text field identified by ``locator``.</doc>
<msg timestamp="20210611 17:14:34.758" level="INFO">Typing text 'pass1' into text field 'name:password'.</msg>
<status status="PASS" starttime="20210611 17:14:34.758" endtime="20210611 17:14:34.812"/>
</kw>
<status status="PASS" starttime="20210611 17:14:34.698" endtime="20210611 17:14:34.812"/>
</iter>
<iter>
<var name="${i}">2</var>
<kw name="Read Excel Data of Cell" library="UserKeywords">
<var>${username}</var>
<arg>Sheet1</arg>
<arg>${i}</arg>
<arg>1</arg>
<kw name="Fetch No Of Cell" library="ReadData">
<var>${celldata}</var>
<arg>${Sheetname}</arg>
<arg>${row}</arg>
<arg>${cell}</arg>
<msg timestamp="20210611 17:14:34.813" level="INFO">${celldata} = user2</msg>
<status status="PASS" starttime="20210611 17:14:34.812" endtime="20210611 17:14:34.813"/>
</kw>
<msg timestamp="20210611 17:14:34.813" level="INFO">${username} = user2</msg>
<status status="PASS" starttime="20210611 17:14:34.812" endtime="20210611 17:14:34.813"/>
</kw>
<kw name="Read Excel Data of Cell" library="UserKeywords">
<var>${Password}</var>
<arg>Sheet1</arg>
<arg>${i}</arg>
<arg>2</arg>
<kw name="Fetch No Of Cell" library="ReadData">
<var>${celldata}</var>
<arg>${Sheetname}</arg>
<arg>${row}</arg>
<arg>${cell}</arg>
<msg timestamp="20210611 17:14:34.814" level="INFO">${celldata} = pass2</msg>
<status status="PASS" starttime="20210611 17:14:34.813" endtime="20210611 17:14:34.814"/>
</kw>
<msg timestamp="20210611 17:14:34.814" level="INFO">${Password} = pass2</msg>
<status status="PASS" starttime="20210611 17:14:34.813" endtime="20210611 17:14:34.814"/>
</kw>
<kw name="Input Text" library="SeleniumLibrary">
<arg>name:username</arg>
<arg>${username}</arg>
<doc>Types the given ``text`` into the text field identified by ``locator``.</doc>
<msg timestamp="20210611 17:14:34.814" level="INFO">Typing text 'user2' into text field 'name:username'.</msg>
<status status="PASS" starttime="20210611 17:14:34.814" endtime="20210611 17:14:34.853"/>
</kw>
<kw name="Input Text" library="SeleniumLibrary">
<arg>name:password</arg>
<arg>${Password}</arg>
<doc>Types the given ``text`` into the text field identified by ``locator``.</doc>
<msg timestamp="20210611 17:14:34.853" level="INFO">Typing text 'pass2' into text field 'name:password'.</msg>
<status status="PASS" starttime="20210611 17:14:34.853" endtime="20210611 17:14:34.889"/>
</kw>
<status status="PASS" starttime="20210611 17:14:34.812" endtime="20210611 17:14:34.889"/>
</iter>
<iter>
<var name="${i}">3</var>
<kw name="Read Excel Data of Cell" library="UserKeywords">
<var>${username}</var>
<arg>Sheet1</arg>
<arg>${i}</arg>
<arg>1</arg>
<kw name="Fetch No Of Cell" library="ReadData">
<var>${celldata}</var>
<arg>${Sheetname}</arg>
<arg>${row}</arg>
<arg>${cell}</arg>
<msg timestamp="20210611 17:14:34.891" level="INFO">${celldata} = user3</msg>
<status status="PASS" starttime="20210611 17:14:34.890" endtime="20210611 17:14:34.891"/>
</kw>
<msg timestamp="20210611 17:14:34.891" level="INFO">${username} = user3</msg>
<status status="PASS" starttime="20210611 17:14:34.889" endtime="20210611 17:14:34.891"/>
</kw>
<kw name="Read Excel Data of Cell" library="UserKeywords">
<var>${Password}</var>
<arg>Sheet1</arg>
<arg>${i}</arg>
<arg>2</arg>
<kw name="Fetch No Of Cell" library="ReadData">
<var>${celldata}</var>
<arg>${Sheetname}</arg>
<arg>${row}</arg>
<arg>${cell}</arg>
<msg timestamp="20210611 17:14:34.892" level="INFO">${celldata} = pass3</msg>
<status status="PASS" starttime="20210611 17:14:34.892" endtime="20210611 17:14:34.892"/>
</kw>
<msg timestamp="20210611 17:14:34.892" level="INFO">${Password} = pass3</msg>
<status status="PASS" starttime="20210611 17:14:34.891" endtime="20210611 17:14:34.892"/>
</kw>
<kw name="Input Text" library="SeleniumLibrary">
<arg>name:username</arg>
<arg>${username}</arg>
<doc>Types the given ``text`` into the text field identified by ``locator``.</doc>
<msg timestamp="20210611 17:14:34.893" level="INFO">Typing text 'user3' into text field 'name:username'.</msg>
<status status="PASS" starttime="20210611 17:14:34.893" endtime="20210611 17:14:34.929"/>
</kw>
<kw name="Input Text" library="SeleniumLibrary">
<arg>name:password</arg>
<arg>${Password}</arg>
<doc>Types the given ``text`` into the text field identified by ``locator``.</doc>
<msg timestamp="20210611 17:14:34.930" level="INFO">Typing text 'pass3' into text field 'name:password'.</msg>
<status status="PASS" starttime="20210611 17:14:34.929" endtime="20210611 17:14:34.966"/>
</kw>
<status status="PASS" starttime="20210611 17:14:34.889" endtime="20210611 17:14:34.966"/>
</iter>
<iter>
<var name="${i}">4</var>
<kw name="Read Excel Data of Cell" library="UserKeywords">
<var>${username}</var>
<arg>Sheet1</arg>
<arg>${i}</arg>
<arg>1</arg>
<kw name="Fetch No Of Cell" library="ReadData">
<var>${celldata}</var>
<arg>${Sheetname}</arg>
<arg>${row}</arg>
<arg>${cell}</arg>
<msg timestamp="20210611 17:14:34.967" level="INFO">${celldata} = user4</msg>
<status status="PASS" starttime="20210611 17:14:34.967" endtime="20210611 17:14:34.967"/>
</kw>
<msg timestamp="20210611 17:14:34.967" level="INFO">${username} = user4</msg>
<status status="PASS" starttime="20210611 17:14:34.966" endtime="20210611 17:14:34.967"/>
</kw>
<kw name="Read Excel Data of Cell" library="UserKeywords">
<var>${Password}</var>
<arg>Sheet1</arg>
<arg>${i}</arg>
<arg>2</arg>
<kw name="Fetch No Of Cell" library="ReadData">
<var>${celldata}</var>
<arg>${Sheetname}</arg>
<arg>${row}</arg>
<arg>${cell}</arg>
<msg timestamp="20210611 17:14:34.968" level="INFO">${celldata} = pass4</msg>
<status status="PASS" starttime="20210611 17:14:34.968" endtime="20210611 17:14:34.968"/>
</kw>
<msg timestamp="20210611 17:14:34.968" level="INFO">${Password} = pass4</msg>
<status status="PASS" starttime="20210611 17:14:34.967" endtime="20210611 17:14:34.968"/>
</kw>
<kw name="Input Text" library="SeleniumLibrary">
<arg>name:username</arg>
<arg>${username}</arg>
<doc>Types the given ``text`` into the text field identified by ``locator``.</doc>
<msg timestamp="20210611 17:14:34.968" level="INFO">Typing text 'user4' into text field 'name:username'.</msg>
<status status="PASS" starttime="20210611 17:14:34.968" endtime="20210611 17:14:35.005"/>
</kw>
<kw name="Input Text" library="SeleniumLibrary">
<arg>name:password</arg>
<arg>${Password}</arg>
<doc>Types the given ``text`` into the text field identified by ``locator``.</doc>
<msg timestamp="20210611 17:14:35.006" level="INFO">Typing text 'pass4' into text field 'name:password'.</msg>
<status status="PASS" starttime="20210611 17:14:35.005" endtime="20210611 17:14:35.042"/>
</kw>
<status status="PASS" starttime="20210611 17:14:34.966" endtime="20210611 17:14:35.042"/>
</iter>
<status status="PASS" starttime="20210611 17:14:34.698" endtime="20210611 17:14:35.043"/>
</for>
<kw name="Click Element" library="SeleniumLibrary">
<arg>xpath://button[@type='submit']</arg>
<doc>Click the element identified by ``locator``.</doc>
<msg timestamp="20210611 17:14:35.043" level="INFO">Clicking element 'xpath://button[@type='submit']'.</msg>
<status status="PASS" starttime="20210611 17:14:35.043" endtime="20210611 17:14:36.035"/>
</kw>
<kw name="Sleep" library="BuiltIn">
<arg>5s</arg>
<doc>Pauses the test executed for the given time.</doc>
<msg timestamp="20210611 17:14:41.040" level="INFO">Slept 5 seconds</msg>
<status status="PASS" starttime="20210611 17:14:36.037" endtime="20210611 17:14:41.041"/>
</kw>
<status status="PASS" starttime="20210611 17:14:19.901" endtime="20210611 17:14:41.042"/>
</test>
<status status="PASS" starttime="20210611 17:14:18.425" endtime="20210611 17:14:41.047"/>
</suite>
<statistics>
<total>
<stat pass="1" fail="0" skip="0">All Tests</stat>
</total>
<tag>
</tag>
<suite>
<stat pass="1" fail="0" skip="0" id="s1" name="TC001 DataDriven">TC001 DataDriven</stat>
</suite>
</statistics>
<errors>
</errors>
</robot>
